<?xml version="1.0" encoding="UTF-8"?>
<!-- Generated by org.testng.reporters.JUnitReportReporter -->
<testsuite skipped="0" hostname="SubhadeepLaptop" name="testRunner.InsuranceTestRunner" tests="2" failures="0" timestamp="18 Mar 2022 07:34:33 GMT" time="63.108" errors="0">
  <testcase name="feature" time="39.269" classname="testRunner.InsuranceTestRunner"/>
  <testcase name="feature" time="23.839" classname="testRunner.InsuranceTestRunner"/>
</testsuite> <!-- testRunner.InsuranceTestRunner -->
