<?xml version="1.0" encoding="UTF-8"?>
<!-- Generated by org.testng.reporters.JUnitReportReporter -->
<testsuite skipped="0" hostname="SubhadeepLaptop" name="testRunner.InsuranceTestRunner" tests="1" failures="0" timestamp="18 Mar 2022 05:52:24 GMT" time="48.664" errors="0">
  <testcase name="feature" time="48.664" classname="testRunner.InsuranceTestRunner"/>
</testsuite> <!-- testRunner.InsuranceTestRunner -->
