<?xml version="1.0" encoding="UTF-8"?>
<!-- Generated by org.testng.reporters.JUnitReportReporter -->
<testsuite skipped="0" hostname="SubhadeepLaptop" name="testRunner.InsuranceTestRunner" tests="1" failures="0" timestamp="18 Mar 2022 06:13:41 GMT" time="46.880" errors="0">
  <testcase name="feature" time="46.880" classname="testRunner.InsuranceTestRunner"/>
</testsuite> <!-- testRunner.InsuranceTestRunner -->
